SF:lib/core/audio/morse_code_service.dart
DA:28,2
DA:29,4
DA:32,1
DA:33,3
DA:36,1
DA:37,2
DA:38,3
DA:39,2
DA:42,1
DA:43,3
DA:49,9
DA:50,6
DA:51,3
DA:66,2
DA:67,2
DA:68,2
DA:69,2
DA:70,2
DA:74,8
DA:76,4
DA:77,6
DA:78,2
DA:79,2
DA:80,2
DA:82,1
DA:84,5
DA:85,1
DA:86,1
DA:87,5
DA:88,2
DA:89,5
DA:92,1
DA:94,3
DA:95,2
DA:96,3
DA:97,1
DA:99,1
DA:100,1
DA:101,5
DA:102,2
DA:103,2
DA:104,3
DA:105,4
DA:108,2
DA:109,2
DA:112,2
DA:113,2
DA:114,2
DA:115,2
DA:117,8
DA:118,8
DA:120,6
DA:122,6
DA:123,3
DA:124,3
DA:127,2
DA:128,4
DA:131,2
DA:132,4
DA:135,2
DA:136,4
DA:139,2
DA:140,4
DA:143,2
DA:144,4
DA:147,1
DA:148,2
DA:151,1
DA:153,3
DA:154,1
DA:155,1
DA:156,1
DA:157,0
DA:158,3
DA:159,0
DA:161,1
DA:162,0
DA:163,3
DA:164,0
DA:169,3
DA:172,0
DA:173,0
DA:174,0
DA:175,0
DA:176,0
DA:181,1
DA:182,2
DA:183,1
DA:187,1
DA:188,1
DA:189,2
DA:190,3
DA:191,2
DA:192,0
DA:193,0
DA:199,1
DA:200,1
DA:201,2
DA:202,3
DA:203,2
DA:204,0
DA:205,0
DA:212,1
DA:214,1
DA:215,1
DA:216,2
DA:219,4
DA:224,3
DA:225,3
DA:226,0
DA:227,0
DA:231,1
DA:232,2
DA:234,2
DA:235,2
DA:236,2
DA:237,0
DA:238,0
DA:243,3
DA:245,3
DA:246,2
DA:247,1
DA:250,3
DA:253,9
DA:254,6
DA:255,6
DA:259,2
DA:261,6
DA:262,6
DA:264,4
DA:265,8
DA:266,6
DA:267,8
DA:268,8
DA:269,2
DA:270,2
DA:271,2
DA:272,2
DA:273,4
DA:274,2
DA:275,2
DA:276,8
DA:277,4
DA:279,4
DA:280,6
DA:281,4
DA:283,4
DA:285,2
DA:286,2
DA:288,4
DA:289,4
DA:292,10
DA:293,8
DA:294,12
LF:154
LH:137
end_of_record
SF:lib/core/timing/wpm_calculator.dart
DA:4,2
DA:5,4
DA:8,1
DA:9,2
DA:12,1
DA:13,1
DA:16,1
DA:17,2
DA:20,1
DA:21,2
DA:24,1
DA:25,2
DA:26,4
DA:29,1
DA:30,1
DA:33,3
DA:34,4
DA:35,3
DA:36,1
LF:19
LH:19
end_of_record
SF:lib/data/database/database_helper.dart
DA:7,6
DA:11,2
DA:13,1
DA:19,1
DA:25,2
DA:27,2
DA:31,2
DA:36,1
DA:37,0
DA:40,1
DA:43,1
DA:44,1
DA:45,1
DA:47,1
DA:48,1
DA:51,1
DA:53,1
DA:56,1
DA:58,1
DA:61,1
DA:63,1
DA:70,1
DA:71,1
DA:87,1
DA:102,1
DA:113,1
DA:129,2
DA:143,2
DA:154,0
DA:155,0
DA:156,0
LF:31
LH:27
end_of_record
SF:lib/data/models/settings.dart
DA:15,7
DA:28,3
DA:40,3
DA:41,3
DA:42,2
DA:43,3
DA:44,3
DA:45,3
DA:46,3
DA:47,3
DA:48,3
DA:49,3
DA:50,3
DA:54,3
DA:55,3
DA:56,3
DA:57,3
DA:58,3
DA:59,3
DA:60,3
DA:61,3
DA:62,6
DA:63,3
DA:64,3
DA:65,3
DA:69,3
DA:70,3
DA:71,3
DA:72,3
DA:73,3
DA:74,3
DA:75,3
DA:76,3
DA:77,6
DA:78,6
DA:79,6
DA:80,6
LF:37
LH:37
end_of_record
SF:lib/data/repositories/settings_repository.dart
DA:7,1
DA:9,1
DA:10,2
DA:11,1
DA:14,1
DA:16,1
DA:17,1
DA:18,2
DA:21,2
DA:24,1
DA:25,2
DA:26,1
DA:28,1
DA:30,2
DA:34,1
DA:35,1
DA:36,2
DA:39,1
DA:40,1
DA:41,2
DA:44,1
DA:45,1
DA:46,2
DA:49,1
DA:50,1
DA:51,2
LF:26
LH:26
end_of_record
SF:lib/data/models/character.dart
DA:14,7
DA:28,3
DA:41,3
DA:42,3
DA:43,3
DA:44,3
DA:45,2
DA:46,1
DA:47,2
DA:48,2
DA:49,2
DA:50,2
DA:51,3
DA:52,3
DA:56,3
DA:57,3
DA:58,3
DA:59,3
DA:60,3
DA:61,3
DA:62,3
DA:63,3
DA:64,3
DA:65,4
DA:66,4
DA:67,3
DA:68,3
DA:72,3
DA:73,3
DA:74,3
DA:75,3
DA:76,3
DA:77,3
DA:78,3
DA:79,3
DA:80,3
DA:81,3
DA:82,2
DA:84,3
DA:85,2
DA:87,6
DA:88,3
LF:42
LH:42
end_of_record
SF:lib/data/models/user_progress.dart
DA:13,6
DA:26,4
DA:38,4
DA:39,4
DA:40,4
DA:41,4
DA:42,4
DA:43,2
DA:44,4
DA:45,4
DA:46,4
DA:47,3
DA:48,3
DA:52,3
DA:53,3
DA:54,3
DA:55,3
DA:56,3
DA:57,3
DA:58,3
DA:59,3
DA:60,3
DA:61,5
DA:62,3
DA:63,3
DA:67,3
DA:68,3
DA:69,3
DA:70,3
DA:71,3
DA:72,6
DA:73,3
DA:74,3
DA:75,3
DA:76,3
DA:77,3
DA:78,2
DA:80,6
LF:38
LH:38
end_of_record
SF:lib/data/repositories/character_repository.dart
DA:8,1
DA:10,1
DA:11,2
DA:12,1
DA:13,4
DA:16,1
DA:17,2
DA:18,1
DA:21,1
DA:24,4
DA:27,1
DA:28,2
DA:29,2
DA:31,1
DA:33,1
DA:34,1
DA:36,1
DA:42,4
DA:45,1
DA:46,2
DA:47,1
DA:50,1
DA:52,1
DA:53,2
DA:56,1
DA:57,2
DA:58,1
DA:60,1
DA:65,1
DA:66,2
DA:67,1
DA:69,1
DA:71,2
DA:75,1
DA:76,2
DA:77,1
DA:79,1
DA:81,1
DA:85,1
DA:86,1
DA:87,1
DA:89,1
DA:98,1
DA:104,3
DA:105,1
DA:106,2
DA:107,1
DA:109,1
DA:111,1
LF:49
LH:49
end_of_record
SF:lib/data/repositories/user_progress_repository.dart
DA:7,3
DA:9,2
DA:10,4
DA:11,1
DA:14,1
DA:16,1
DA:17,1
DA:18,2
DA:21,2
DA:24,1
DA:25,2
DA:26,1
DA:28,1
DA:30,2
DA:34,1
DA:35,1
DA:36,2
DA:37,2
DA:41,1
DA:42,1
DA:43,2
DA:44,2
DA:46,3
DA:50,1
DA:51,1
DA:52,2
DA:55,0
DA:56,0
DA:57,0
DA:58,0
DA:62,1
DA:63,1
DA:64,2
DA:65,2
DA:66,1
DA:70,1
DA:71,1
DA:72,2
DA:75,1
DA:76,1
DA:77,1
LF:41
LH:37
end_of_record
SF:lib/domain/gamification/gamification_service.dart
DA:7,1
DA:9,0
DA:10,0
DA:13,1
DA:14,1
DA:15,2
DA:18,1
DA:19,1
DA:22,1
DA:24,1
DA:26,1
DA:28,1
DA:32,1
DA:33,2
DA:37,1
DA:38,2
DA:39,2
DA:40,2
DA:41,1
DA:44,1
DA:45,2
DA:48,1
DA:49,2
DA:52,1
DA:53,2
DA:54,2
DA:55,3
DA:59,1
DA:60,2
DA:61,1
DA:62,1
DA:63,1
DA:64,1
DA:65,1
DA:66,1
DA:67,1
LF:36
LH:34
end_of_record
SF:lib/domain/koch/koch_progression_service.dart
DA:11,1
DA:13,1
DA:14,2
DA:15,2
DA:17,4
DA:18,3
DA:20,1
DA:22,3
DA:23,1
DA:24,1
DA:26,1
DA:29,0
DA:30,0
DA:33,0
DA:34,0
DA:35,0
DA:36,0
DA:42,1
DA:43,1
DA:44,1
DA:45,2
DA:47,4
DA:48,2
DA:49,4
DA:54,1
DA:55,2
DA:58,1
DA:59,2
DA:60,2
DA:61,3
DA:62,2
DA:63,1
DA:66,2
DA:69,1
DA:70,2
DA:71,2
DA:74,2
DA:75,4
DA:76,1
DA:77,1
DA:80,1
DA:81,2
DA:82,4
DA:83,3
DA:85,2
DA:86,2
DA:87,1
DA:88,2
LF:48
LH:42
end_of_record
SF:lib/domain/spaced_repetition/spaced_repetition_service.dart
DA:10,1
DA:12,1
DA:13,2
DA:16,1
DA:21,2
DA:22,4
DA:24,4
DA:27,4
DA:28,4
DA:31,1
DA:36,2
DA:39,1
DA:40,2
DA:41,1
DA:43,2
DA:44,1
DA:45,2
DA:46,1
DA:49,1
DA:50,2
DA:51,1
DA:54,2
DA:55,3
DA:56,3
DA:58,0
DA:61,3
DA:62,1
DA:64,3
LF:28
LH:27
end_of_record
SF:lib/ui/bloc/practice_session_bloc.dart
DA:12,9
DA:14,0
DA:15,0
DA:20,1
DA:24,0
DA:29,0
DA:34,0
DA:38,7
DA:42,0
DA:47,1
DA:52,4
DA:54,1
DA:55,1
DA:72,2
DA:83,2
DA:84,14
DA:86,2
DA:87,10
DA:89,5
DA:91,1
DA:101,1
DA:102,1
DA:103,1
DA:104,1
DA:105,1
DA:106,1
DA:107,0
DA:108,1
DA:109,0
DA:113,1
DA:114,1
DA:115,1
DA:116,1
DA:117,1
DA:118,1
DA:119,1
DA:120,1
DA:121,1
DA:122,1
DA:132,2
DA:139,0
DA:140,0
DA:152,1
DA:161,2
DA:162,3
DA:163,3
DA:164,3
DA:165,3
DA:166,3
DA:167,3
DA:170,1
DA:174,2
DA:175,2
DA:176,1
DA:178,1
DA:183,1
DA:187,2
DA:188,4
DA:190,3
DA:192,2
DA:201,1
DA:205,1
DA:206,1
DA:208,1
DA:211,4
DA:213,3
DA:214,3
DA:217,2
DA:219,2
DA:222,2
DA:223,2
DA:227,1
DA:228,0
DA:230,0
DA:235,2
DA:237,2
DA:245,1
DA:246,1
DA:250,1
DA:254,1
DA:255,1
DA:257,1
DA:260,2
DA:261,2
DA:263,1
DA:265,3
DA:266,3
DA:269,2
DA:271,2
DA:274,2
DA:275,2
DA:278,1
DA:279,0
DA:281,0
DA:287,2
DA:289,2
DA:297,2
DA:301,1
DA:304,2
DA:305,3
DA:307,2
DA:308,2
DA:309,1
DA:310,1
DA:311,1
DA:312,1
DA:318,2
DA:319,1
DA:321,1
DA:322,1
DA:323,1
DA:330,2
DA:337,1
DA:338,1
DA:339,2
DA:340,1
DA:341,1
DA:342,1
DA:343,1
DA:344,1
DA:352,0
DA:359,1
DA:363,1
DA:364,1
DA:366,1
DA:367,0
DA:368,0
DA:369,0
DA:370,0
DA:371,0
DA:372,0
DA:377,2
DA:378,1
DA:379,2
DA:380,1
DA:381,1
DA:382,1
LF:137
LH:116
end_of_record
SF:lib/ui/bloc/settings_bloc.dart
DA:8,4
DA:10,0
DA:11,0
DA:15,2
DA:20,2
DA:25,2
DA:30,1
DA:35,1
DA:40,1
DA:45,1
DA:49,2
DA:54,1
DA:59,1
DA:64,5
DA:66,1
DA:67,1
DA:76,4
DA:78,1
DA:79,2
DA:84,1
DA:86,1
DA:87,2
DA:94,3
DA:95,2
DA:96,2
DA:97,2
DA:98,2
DA:99,2
DA:100,2
DA:101,2
DA:102,2
DA:103,2
DA:104,2
DA:107,1
DA:111,2
DA:113,2
DA:114,2
DA:116,3
DA:120,1
DA:125,3
DA:126,2
DA:127,2
DA:129,0
DA:133,1
DA:138,3
DA:139,2
DA:140,2
DA:142,3
DA:146,1
DA:151,2
DA:152,4
DA:153,2
DA:154,2
DA:156,0
DA:160,1
DA:165,2
DA:166,4
DA:167,2
DA:168,2
DA:170,0
DA:174,1
DA:179,3
DA:180,2
DA:181,2
DA:183,0
DA:187,1
DA:192,3
DA:193,2
DA:194,2
DA:196,0
DA:200,1
DA:205,2
DA:206,2
DA:207,2
DA:209,2
DA:210,2
DA:212,0
DA:216,1
DA:221,2
DA:222,2
DA:223,2
DA:225,2
DA:226,2
DA:228,0
DA:232,1
DA:237,2
DA:238,2
DA:239,2
DA:241,2
DA:242,2
DA:244,0
LF:91
LH:81
end_of_record
SF:lib/ui/screens/onboarding_screen.dart
DA:10,3
DA:12,3
DA:13,3
DA:22,3
DA:24,3
DA:25,3
DA:26,3
DA:27,3
DA:29,3
DA:31,3
DA:33,9
DA:36,3
DA:38,9
DA:44,3
DA:45,3
DA:46,3
DA:47,4
DA:48,3
DA:49,3
DA:50,3
DA:51,3
DA:56,3
DA:58,3
DA:60,3
DA:61,6
DA:62,1
DA:63,3
DA:70,3
DA:71,3
DA:72,6
DA:73,3
DA:77,1
DA:78,9
DA:89,3
DA:90,3
DA:92,3
DA:94,3
DA:109,3
DA:110,3
DA:111,3
DA:117,3
DA:118,3
DA:120,3
DA:121,3
DA:122,3
DA:124,6
DA:130,3
DA:131,3
DA:133,3
DA:135,3
DA:151,3
DA:153,3
DA:154,3
DA:155,3
DA:171,3
DA:172,3
DA:174,3
DA:176,3
DA:186,12
DA:191,3
DA:192,3
DA:195,9
DA:196,0
DA:199,3
DA:201,3
DA:202,3
DA:203,3
DA:204,6
DA:213,12
DA:218,3
DA:219,3
DA:222,9
DA:223,0
DA:229,3
DA:230,3
DA:236,3
DA:237,3
DA:238,4
DA:250,0
DA:251,0
DA:252,0
DA:253,0
DA:254,0
DA:255,0
DA:258,1
DA:260,5
DA:261,5
DA:264,5
DA:266,3
LF:89
LH:81
end_of_record
SF:lib/main.dart
DA:23,0
DA:24,0
DA:25,0
DA:26,0
DA:27,0
DA:30,0
DA:31,0
DA:34,0
DA:35,0
DA:37,0
DA:41,2
DA:43,1
DA:45,1
DA:46,1
DA:47,1
DA:48,1
DA:49,1
DA:50,1
DA:51,0
DA:54,1
DA:55,1
DA:56,1
DA:57,0
DA:58,0
DA:59,0
DA:60,0
DA:61,0
DA:62,0
DA:63,0
DA:68,1
DA:69,0
DA:70,0
DA:73,1
DA:76,1
DA:77,1
DA:80,1
DA:81,1
DA:89,1
DA:90,0
DA:91,0
DA:100,3
DA:104,2
DA:105,2
DA:116,2
DA:118,2
DA:119,4
DA:120,4
DA:121,4
DA:124,4
DA:127,2
DA:130,2
DA:131,5
DA:132,2
DA:133,1
DA:134,2
DA:136,4
DA:137,1
DA:141,0
DA:142,0
DA:143,0
DA:144,0
DA:148,2
DA:150,4
DA:151,4
DA:152,4
DA:153,2
DA:156,0
DA:159,0
DA:160,0
DA:163,0
DA:165,0
DA:166,0
DA:170,2
DA:173,2
DA:180,1
DA:181,1
DA:182,0
DA:186,1
DA:187,3
DA:188,1
DA:189,1
DA:190,1
DA:191,2
DA:192,1
LF:84
LH:51
end_of_record
SF:lib/core/input/keyboard_input_handler.dart
DA:19,3
DA:30,2
DA:38,1
DA:39,1
DA:41,2
DA:42,2
DA:45,1
DA:46,2
DA:50,2
DA:51,1
DA:52,2
DA:54,3
DA:57,1
DA:60,1
DA:61,2
DA:65,2
DA:66,4
DA:67,5
DA:68,1
DA:69,2
DA:70,3
DA:71,2
DA:72,1
DA:73,0
DA:75,0
DA:76,0
DA:77,0
DA:83,1
DA:84,2
DA:85,5
DA:86,1
DA:87,2
DA:88,3
DA:89,2
DA:90,1
DA:94,2
DA:96,2
DA:97,8
DA:98,3
DA:99,2
DA:100,8
DA:103,1
DA:104,2
DA:107,2
DA:108,2
DA:110,2
LF:46
LH:42
end_of_record
SF:lib/core/logging/logger.dart
DA:11,9
DA:13,4
DA:15,3
DA:23,1
DA:24,1
DA:26,1
DA:27,3
DA:29,1
DA:30,5
DA:33,1
DA:35,1
DA:36,1
DA:37,1
DA:38,1
DA:41,2
DA:47,1
DA:48,1
DA:49,5
DA:53,2
DA:56,3
DA:57,3
DA:60,3
DA:62,2
DA:63,2
DA:64,1
DA:68,6
DA:69,3
DA:70,3
DA:78,2
DA:79,1
DA:80,1
DA:88,2
DA:89,1
DA:90,1
DA:98,1
DA:99,1
DA:100,1
DA:101,1
DA:110,1
DA:111,3
DA:115,1
DA:116,1
DA:117,2
DA:120,1
DA:123,1
DA:126,1
DA:127,0
LF:47
LH:46
end_of_record
SF:lib/core/logging/log_constants.dart
DA:10,1
DA:12,1
DA:14,1
DA:16,1
DA:18,1
DA:35,1
DA:37,1
DA:39,1
DA:41,1
DA:43,1
DA:45,1
DA:47,1
LF:12
LH:12
end_of_record
SF:lib/core/logging/log_config.dart
DA:18,3
DA:26,1
DA:33,1
DA:34,1
DA:35,1
DA:36,0
DA:37,1
DA:38,1
LF:8
LH:7
end_of_record
SF:lib/core/logging/log_entry.dart
DA:11,3
DA:20,1
DA:21,2
DA:22,3
DA:23,6
LF:5
LH:5
end_of_record
SF:lib/core/logging/log_rotator.dart
DA:8,1
DA:11,1
DA:12,1
DA:13,1
DA:15,1
DA:16,4
DA:17,1
DA:22,1
DA:23,1
DA:24,1
DA:26,3
DA:27,2
DA:30,1
DA:33,1
DA:37,1
DA:38,2
DA:39,3
DA:41,1
DA:44,1
DA:45,7
DA:46,1
DA:47,1
DA:50,2
DA:51,1
DA:52,1
DA:53,3
DA:57,4
DA:58,5
DA:59,2
DA:64,5
DA:65,2
DA:66,1
DA:67,1
DA:68,2
DA:69,1
LF:35
LH:35
end_of_record
SF:lib/data/repositories/backup_repository.dart
DA:16,1
DA:20,0
DA:21,0
DA:22,0
DA:24,1
DA:25,2
DA:26,2
DA:27,2
DA:29,1
DA:30,2
DA:32,4
DA:33,1
DA:34,1
DA:37,1
DA:40,1
DA:41,1
DA:42,1
DA:43,3
DA:44,3
DA:45,1
DA:49,1
DA:50,1
DA:53,1
DA:54,1
DA:55,2
DA:56,3
DA:61,1
DA:62,4
DA:66,1
DA:67,4
LF:30
LH:27
end_of_record
SF:lib/ui/screens/help_screen.dart
DA:4,2
DA:6,2
DA:8,2
DA:9,2
DA:12,2
DA:14,2
DA:15,2
DA:29,2
DA:41,2
DA:55,2
DA:66,2
DA:77,2
DA:89,2
DA:108,2
DA:114,2
DA:116,2
DA:118,2
DA:120,2
DA:121,2
DA:122,2
DA:123,8
DA:125,2
DA:135,2
LF:23
LH:23
end_of_record
SF:lib/ui/screens/practice_screen.dart
DA:16,3
DA:18,2
DA:19,2
DA:41,2
DA:43,2
DA:44,7
DA:45,2
DA:48,2
DA:49,4
DA:50,1
DA:51,1
DA:52,1
DA:53,3
DA:57,2
DA:59,6
DA:60,4
DA:61,2
DA:64,2
DA:65,6
DA:66,2
DA:67,2
DA:68,6
DA:69,6
DA:70,6
DA:71,6
DA:72,6
DA:76,1
DA:77,2
DA:78,2
DA:79,2
DA:80,0
DA:81,0
DA:82,0
DA:83,0
DA:84,0
DA:85,0
DA:86,0
DA:87,0
DA:90,0
DA:91,0
DA:92,0
DA:94,0
DA:95,0
DA:96,0
DA:99,0
DA:100,0
DA:101,0
DA:103,0
DA:108,0
DA:119,0
DA:122,0
DA:124,0
DA:127,0
DA:130,0
DA:133,0
DA:134,0
DA:138,0
DA:140,0
DA:142,0
DA:143,0
DA:144,0
DA:148,0
DA:149,0
DA:150,0
DA:153,0
DA:154,0
DA:155,0
DA:156,0
DA:160,0
DA:162,0
DA:163,0
DA:164,0
DA:167,0
DA:169,0
DA:170,0
DA:171,0
DA:173,0
DA:174,0
DA:175,0
DA:176,0
DA:179,0
DA:182,0
DA:189,1
DA:190,3
DA:193,3
DA:195,1
DA:196,2
DA:199,2
DA:200,0
DA:201,2
DA:202,1
DA:203,2
DA:204,1
DA:205,1
DA:211,1
DA:212,2
DA:213,1
DA:218,2
DA:220,2
DA:221,2
DA:223,2
DA:224,2
DA:226,2
DA:228,2
DA:230,2
DA:232,2
DA:234,2
DA:238,2
DA:239,2
DA:240,2
DA:241,2
DA:244,2
DA:245,2
DA:246,4
DA:248,2
DA:249,1
DA:250,1
DA:252,2
DA:253,2
DA:254,1
DA:256,2
DA:259,3
DA:261,2
DA:262,1
DA:263,1
DA:265,2
DA:266,2
DA:268,2
DA:269,1
DA:272,2
DA:273,2
DA:274,2
DA:276,1
DA:279,1
DA:280,1
DA:282,1
DA:283,1
DA:292,2
DA:293,2
DA:294,2
DA:296,2
DA:305,2
DA:307,2
DA:308,2
DA:310,9
DA:312,2
DA:314,6
DA:315,6
DA:317,2
DA:319,9
DA:324,2
DA:325,6
DA:329,2
DA:330,5
DA:333,2
DA:340,1
DA:341,1
DA:344,1
DA:346,1
DA:347,1
DA:349,1
DA:350,1
DA:351,5
DA:353,1
DA:355,1
DA:356,3
DA:357,5
DA:358,3
DA:362,1
DA:364,1
DA:366,2
DA:367,3
DA:369,1
DA:370,1
DA:372,1
DA:373,2
DA:374,2
DA:376,2
DA:384,1
DA:386,1
DA:387,2
DA:388,1
DA:390,1
DA:392,1
DA:393,1
DA:394,1
DA:396,1
DA:399,1
DA:400,1
DA:401,1
DA:402,2
DA:410,1
DA:411,1
DA:413,1
DA:420,2
DA:421,1
DA:422,1
DA:423,1
DA:427,1
DA:432,2
DA:433,1
DA:436,1
DA:438,3
DA:439,1
DA:440,1
DA:441,1
DA:442,4
DA:443,3
DA:453,1
DA:454,2
DA:455,4
DA:463,1
DA:464,1
DA:467,1
DA:468,1
DA:469,2
DA:470,3
DA:471,0
DA:475,1
DA:476,1
DA:477,1
DA:483,1
DA:485,1
DA:492,1
DA:493,3
DA:500,2
DA:501,1
DA:503,1
DA:508,4
DA:509,5
DA:510,2
DA:514,1
DA:515,1
DA:517,1
DA:518,1
DA:519,0
DA:524,1
DA:525,2
DA:526,0
DA:537,1
DA:538,1
DA:540,2
DA:542,7
DA:543,2
DA:548,1
DA:549,1
DA:552,2
DA:557,1
DA:558,1
DA:560,1
DA:562,1
DA:564,1
DA:565,1
DA:566,1
DA:570,1
DA:571,1
DA:572,1
DA:593,1
DA:594,1
DA:595,1
DA:601,1
DA:602,1
DA:603,1
DA:609,1
DA:610,1
DA:611,1
DA:638,1
DA:639,1
DA:642,1
LF:269
LH:213
end_of_record
SF:lib/ui/screens/progress_screen.dart
DA:6,2
DA:8,2
DA:10,2
DA:11,2
DA:14,2
DA:15,4
DA:16,2
DA:17,4
DA:21,2
DA:22,4
DA:25,2
DA:27,2
DA:29,2
DA:31,2
DA:32,2
DA:34,2
DA:35,6
DA:37,2
DA:38,6
DA:40,2
DA:41,4
DA:50,2
DA:51,2
DA:57,2
DA:58,2
DA:60,4
DA:64,2
DA:66,4
DA:70,2
DA:72,4
DA:76,2
DA:78,4
DA:86,2
DA:87,2
DA:89,2
DA:91,2
DA:93,2
DA:94,2
DA:96,2
DA:101,2
DA:112,2
DA:113,2
DA:115,2
DA:126,2
DA:127,2
DA:129,2
DA:131,2
DA:132,2
DA:133,2
DA:135,2
DA:136,2
DA:137,2
DA:138,2
DA:139,2
DA:149,2
DA:150,2
DA:151,2
DA:152,2
DA:165,2
DA:166,1
DA:167,2
DA:168,1
DA:171,2
DA:172,1
DA:174,1
DA:175,3
DA:185,2
DA:186,2
DA:188,2
DA:190,2
DA:192,2
DA:194,2
DA:195,2
DA:197,2
DA:198,2
DA:199,2
DA:202,2
DA:203,2
DA:209,2
DA:212,2
DA:216,2
DA:217,6
DA:226,2
DA:227,2
DA:229,2
DA:231,2
DA:232,2
DA:235,2
DA:236,2
LF:89
LH:89
end_of_record
SF:lib/ui/screens/settings_screen.dart
DA:11,3
DA:13,2
DA:15,2
DA:16,2
DA:19,2
DA:20,2
DA:21,2
DA:25,2
DA:26,4
DA:29,1
DA:30,4
DA:39,2
DA:40,2
DA:42,2
DA:43,2
DA:44,2
DA:46,2
DA:51,1
DA:52,3
DA:55,2
DA:57,2
DA:62,1
DA:63,3
DA:66,2
DA:68,2
DA:73,1
DA:74,3
DA:77,2
DA:79,2
DA:84,1
DA:85,3
DA:88,2
DA:90,2
DA:95,1
DA:96,3
DA:100,2
DA:101,2
DA:103,2
DA:104,2
DA:107,2
DA:108,1
DA:109,2
DA:112,2
DA:115,2
DA:116,1
DA:117,3
DA:120,2
DA:123,2
DA:124,1
DA:125,3
DA:129,2
DA:130,2
DA:134,0
DA:136,2
DA:140,2
DA:142,2
DA:146,0
DA:148,2
DA:184,2
DA:185,2
DA:187,2
DA:198,2
DA:200,4
DA:201,4
DA:203,6
DA:205,2
DA:208,2
DA:217,2
DA:219,2
DA:220,2
DA:222,2
DA:223,2
DA:224,2
DA:225,2
DA:227,2
DA:236,2
DA:237,10
DA:242,2
DA:246,2
DA:247,4
DA:254,2
DA:255,2
DA:256,4
DA:257,2
DA:258,2
DA:260,2
DA:261,2
DA:262,2
DA:263,2
DA:265,2
DA:269,2
DA:270,1
DA:272,3
DA:276,2
DA:280,2
DA:282,2
DA:284,2
DA:286,2
DA:288,2
DA:293,2
DA:295,2
DA:297,2
DA:299,2
DA:301,2
DA:306,0
DA:308,0
DA:309,0
DA:310,0
DA:311,0
DA:312,0
DA:316,0
DA:317,0
DA:318,0
DA:324,0
DA:325,0
DA:326,0
DA:328,0
DA:332,0
DA:333,0
LF:119
LH:102
end_of_record
SF:lib/data/models/word.dart
DA:7,1
DA:14,2
DA:15,2
DA:26,2
DA:27,6
DA:28,4
DA:29,2
DA:31,2
DA:32,12
DA:33,2
DA:37,2
DA:46,1
LF:12
LH:12
end_of_record
SF:lib/domain/gamification/points_calculator.dart
DA:14,2
DA:24,6
DA:27,4
DA:28,4
DA:33,2
DA:34,2
DA:35,2
DA:39,2
DA:40,1
DA:41,5
DA:42,4
DA:43,1
DA:50,2
DA:51,2
DA:52,2
DA:53,2
DA:54,2
DA:55,2
DA:59,2
DA:60,2
DA:62,2
DA:63,2
DA:64,1
DA:65,1
LF:24
LH:24
end_of_record
SF:lib/domain/koch/word_practice_service.dart
DA:27,2
DA:28,2
DA:31,5
DA:34,4
DA:35,2
DA:41,1
DA:42,5
DA:45,6
DA:47,1
DA:48,1
DA:50,5
DA:52,1
DA:53,1
LF:13
LH:13
end_of_record
SF:lib/domain/koch/qso_service.dart
DA:22,2
DA:23,2
DA:26,5
DA:29,4
DA:30,2
DA:36,12
DA:38,1
DA:39,1
DA:41,5
DA:43,1
DA:44,1
DA:47,1
DA:48,1
LF:13
LH:13
end_of_record
SF:lib/ui/screens/qso_practice_screen.dart
DA:6,1
DA:8,1
DA:9,1
DA:18,1
DA:20,1
DA:21,3
DA:22,2
DA:25,1
DA:26,2
DA:27,6
DA:28,1
DA:32,1
DA:33,2
DA:34,1
DA:38,1
DA:40,2
DA:41,0
DA:42,0
DA:47,3
DA:49,1
DA:50,1
DA:52,1
DA:53,1
DA:54,0
DA:55,0
DA:56,0
DA:57,0
DA:58,0
DA:59,0
DA:62,2
DA:65,5
DA:67,5
DA:71,1
DA:73,1
DA:74,2
DA:75,2
DA:76,1
DA:77,1
DA:83,1
DA:85,1
DA:87,1
DA:93,1
DA:95,1
DA:96,3
DA:97,1
DA:99,1
DA:100,1
DA:103,1
DA:104,2
DA:112,1
DA:113,1
DA:115,1
DA:116,1
DA:117,1
DA:119,1
DA:120,1
DA:121,1
DA:122,1
DA:127,1
DA:128,2
DA:129,2
DA:134,1
DA:135,1
DA:137,1
DA:138,1
DA:139,1
DA:143,1
DA:144,1
DA:150,1
DA:151,1
DA:152,5
LF:71
LH:63
end_of_record
SF:lib/ui/screens/word_practice_screen.dart
DA:8,1
DA:10,1
DA:11,1
DA:21,1
DA:23,1
DA:24,3
DA:25,2
DA:28,1
DA:29,2
DA:30,6
DA:31,1
DA:32,1
DA:36,1
DA:37,2
DA:38,1
DA:39,6
DA:43,1
DA:45,2
DA:46,0
DA:47,0
DA:52,3
DA:54,1
DA:55,1
DA:57,1
DA:58,1
DA:60,1
DA:61,2
DA:62,2
DA:63,1
DA:64,1
DA:65,1
DA:71,1
DA:73,1
DA:75,1
DA:81,1
DA:83,1
DA:84,3
DA:85,1
DA:87,1
DA:88,1
DA:91,1
DA:92,2
DA:99,2
DA:100,1
DA:102,1
DA:103,2
DA:104,1
DA:106,1
DA:107,1
DA:108,1
DA:110,2
DA:114,1
DA:115,1
DA:117,1
DA:118,1
DA:119,1
DA:123,1
DA:124,1
DA:130,1
DA:131,1
DA:132,5
LF:61
LH:59
end_of_record
SF:lib/core/input/game_controller_input_handler.dart
DA:17,3
DA:28,1
DA:36,1
DA:37,1
DA:38,1
DA:39,2
DA:42,1
DA:43,1
DA:44,1
DA:45,2
DA:47,2
DA:48,1
DA:49,2
DA:51,1
DA:54,1
DA:55,2
DA:56,3
DA:57,5
DA:58,1
DA:59,2
DA:60,1
DA:65,1
DA:66,2
DA:67,5
DA:68,1
DA:69,2
DA:70,1
DA:74,2
DA:76,1
DA:77,2
DA:78,1
DA:79,1
DA:82,1
DA:83,2
LF:34
LH:34
end_of_record
SF:lib/core/input/audio_input_handler.dart
DA:18,3
DA:29,1
DA:37,1
DA:38,1
DA:39,1
DA:40,3
DA:41,2
DA:44,1
DA:45,1
DA:46,1
DA:47,4
DA:48,2
DA:50,2
DA:51,1
DA:52,2
DA:54,1
DA:57,1
DA:58,2
DA:59,3
DA:60,5
DA:61,1
DA:62,2
DA:63,1
DA:68,1
DA:69,2
DA:70,5
DA:71,1
DA:72,2
DA:73,1
DA:77,2
DA:79,1
DA:80,2
DA:81,1
DA:82,1
DA:85,1
DA:86,2
LF:36
LH:36
end_of_record
SF:lib/core/input/touchscreen_input_handler.dart
DA:10,0
DA:23,1
DA:28,1
DA:29,2
DA:30,2
DA:33,1
DA:34,1
DA:36,3
DA:37,2
DA:38,1
DA:41,3
DA:42,1
DA:46,1
DA:47,2
DA:49,3
DA:50,1
DA:51,1
DA:54,1
DA:56,2
DA:58,2
DA:61,2
DA:64,1
DA:65,1
DA:73,1
DA:76,1
DA:77,2
LF:26
LH:25
end_of_record
